<?xml version="1.0" encoding="UTF-8"?>
<coverage generated="1652447548175" clover="3.2.0">
  <project timestamp="1652447548175" name="All files">
    <metrics statements="55" coveredstatements="40" conditionals="10" coveredconditionals="3" methods="17" coveredmethods="10" elements="82" coveredelements="53" complexity="0" loc="55" ncloc="55" packages="1" files="2" classes="2"/>
    <file name="taskStatus.js" path="C:\All stuff\Microverse\Module 2\Todo-list\src\modules\taskStatus.js">
      <metrics statements="15" coveredstatements="6" conditionals="0" coveredconditionals="0" methods="6" coveredmethods="2"/>
      <line num="2" count="1" type="stmt"/>
      <line num="3" count="5" type="stmt"/>
      <line num="4" count="5" type="stmt"/>
      <line num="5" count="5" type="stmt"/>
      <line num="6" count="10" type="stmt"/>
      <line num="7" count="0" type="stmt"/>
      <line num="8" count="0" type="stmt"/>
      <line num="9" count="0" type="stmt"/>
      <line num="14" count="1" type="stmt"/>
      <line num="15" count="0" type="stmt"/>
      <line num="16" count="0" type="stmt"/>
      <line num="17" count="0" type="stmt"/>
      <line num="18" count="0" type="stmt"/>
      <line num="20" count="0" type="stmt"/>
      <line num="21" count="0" type="stmt"/>
    </file>
    <file name="tasks.js" path="C:\All stuff\Microverse\Module 2\Todo-list\src\modules\tasks.js">
      <metrics statements="40" coveredstatements="34" conditionals="10" coveredconditionals="3" methods="11" coveredmethods="8"/>
      <line num="3" count="1" type="stmt"/>
      <line num="7" count="3" type="cond" truecount="2" falsecount="0"/>
      <line num="10" count="3" type="stmt"/>
      <line num="11" count="5" type="stmt"/>
      <line num="12" count="5" type="stmt"/>
      <line num="13" count="5" type="stmt"/>
      <line num="14" count="10" type="stmt"/>
      <line num="15" count="10" type="stmt"/>
      <line num="16" count="10" type="stmt"/>
      <line num="17" count="10" type="stmt"/>
      <line num="22" count="10" type="stmt"/>
      <line num="23" count="10" type="cond" truecount="1" falsecount="1"/>
      <line num="24" count="0" type="stmt"/>
      <line num="27" count="5" type="stmt"/>
      <line num="28" count="5" type="stmt"/>
      <line num="29" count="10" type="stmt"/>
      <line num="30" count="0" type="stmt"/>
      <line num="34" count="5" type="stmt"/>
      <line num="35" count="5" type="stmt"/>
      <line num="36" count="10" type="stmt"/>
      <line num="37" count="0" type="cond" truecount="0" falsecount="4"/>
      <line num="38" count="0" type="stmt"/>
      <line num="41" count="10" type="stmt"/>
      <line num="42" count="0" type="cond" truecount="0" falsecount="2"/>
      <line num="43" count="0" type="stmt"/>
      <line num="48" count="5" type="stmt"/>
      <line num="51" count="3" type="stmt"/>
      <line num="52" count="3" type="stmt"/>
      <line num="57" count="3" type="stmt"/>
      <line num="58" count="3" type="stmt"/>
      <line num="61" count="3" type="stmt"/>
      <line num="62" count="1" type="stmt"/>
      <line num="63" count="1" type="stmt"/>
      <line num="64" count="1" type="stmt"/>
      <line num="67" count="3" type="stmt"/>
      <line num="68" count="1" type="stmt"/>
      <line num="69" count="1" type="stmt"/>
      <line num="70" count="2" type="stmt"/>
      <line num="72" count="1" type="stmt"/>
      <line num="73" count="1" type="stmt"/>
    </file>
  </project>
</coverage>
