{"/home/saraza/Desktop/Microverse/Todo-list/src/modules/taskStatus.js": {"path":"/home/saraza/Desktop/Microverse/Todo-list/src/modules/taskStatus.js","statementMap":{"0":{"start":{"line":2,"column":17},"end":{"line":12,"column":3}},"1":{"start":{"line":3,"column":21},"end":{"line":3,"column":60}},"2":{"start":{"line":4,"column":23},"end":{"line":4,"column":63}},"3":{"start":{"line":5,"column":4},"end":{"line":11,"column":7}},"4":{"start":{"line":6,"column":6},"end":{"line":10,"column":9}},"5":{"start":{"line":7,"column":8},"end":{"line":7,"column":51}},"6":{"start":{"line":8,"column":8},"end":{"line":8,"column":61}},"7":{"start":{"line":9,"column":8},"end":{"line":9,"column":61}},"8":{"start":{"line":14,"column":19},"end":{"line":23,"column":3}},"9":{"start":{"line":15,"column":21},"end":{"line":15,"column":59}},"10":{"start":{"line":16,"column":4},"end":{"line":22,"column":7}},"11":{"start":{"line":17,"column":6},"end":{"line":19,"column":8}},"12":{"start":{"line":18,"column":18},"end":{"line":18,"column":44}},"13":{"start":{"line":20,"column":6},"end":{"line":20,"column":70}},"14":{"start":{"line":21,"column":6},"end":{"line":21,"column":25}}},"fnMap":{"0":{"name":"(anonymous_0)","decl":{"start":{"line":2,"column":17},"end":{"line":2,"column":18}},"loc":{"start":{"line":2,"column":28},"end":{"line":12,"column":3}},"line":2},"1":{"name":"(anonymous_1)","decl":{"start":{"line":5,"column":23},"end":{"line":5,"column":24}},"loc":{"start":{"line":5,"column":44},"end":{"line":11,"column":5}},"line":5},"2":{"name":"(anonymous_2)","decl":{"start":{"line":6,"column":41},"end":{"line":6,"column":42}},"loc":{"start":{"line":6,"column":47},"end":{"line":10,"column":7}},"line":6},"3":{"name":"(anonymous_3)","decl":{"start":{"line":14,"column":19},"end":{"line":14,"column":20}},"loc":{"start":{"line":14,"column":30},"end":{"line":23,"column":3}},"line":14},"4":{"name":"(anonymous_4)","decl":{"start":{"line":16,"column":39},"end":{"line":16,"column":40}},"loc":{"start":{"line":16,"column":45},"end":{"line":22,"column":5}},"line":16},"5":{"name":"(anonymous_5)","decl":{"start":{"line":18,"column":8},"end":{"line":18,"column":9}},"loc":{"start":{"line":18,"column":18},"end":{"line":18,"column":44}},"line":18}},"branchMap":{},"s":{"0":1,"1":6,"2":6,"3":6,"4":12,"5":0,"6":0,"7":0,"8":1,"9":0,"10":0,"11":0,"12":0,"13":0,"14":0},"f":{"0":6,"1":12,"2":0,"3":0,"4":0,"5":0},"b":{},"_coverageSchema":"1a1c01bbd47fc00a2c39e90264f33305004495a9","hash":"aa70d4a3c53c27576440669c46d718b0df72244c"}
,"/home/saraza/Desktop/Microverse/Todo-list/src/modules/tasks.js": {"path":"/home/saraza/Desktop/Microverse/Todo-list/src/modules/tasks.js","statementMap":{"0":{"start":{"line":3,"column":15},"end":{"line":3,"column":27}},"1":{"start":{"line":7,"column":4},"end":{"line":7,"column":70}},"2":{"start":{"line":10,"column":15},"end":{"line":49,"column":3}},"3":{"start":{"line":11,"column":26},"end":{"line":11,"column":62}},"4":{"start":{"line":12,"column":4},"end":{"line":12,"column":33}},"5":{"start":{"line":13,"column":4},"end":{"line":26,"column":7}},"6":{"start":{"line":14,"column":17},"end":{"line":14,"column":45}},"7":{"start":{"line":15,"column":6},"end":{"line":15,"column":33}},"8":{"start":{"line":16,"column":6},"end":{"line":16,"column":25}},"9":{"start":{"line":17,"column":6},"end":{"line":21,"column":88}},"10":{"start":{"line":22,"column":6},"end":{"line":22,"column":73}},"11":{"start":{"line":23,"column":6},"end":{"line":25,"column":7}},"12":{"start":{"line":24,"column":8},"end":{"line":24,"column":35}},"13":{"start":{"line":27,"column":22},"end":{"line":27,"column":63}},"14":{"start":{"line":28,"column":4},"end":{"line":32,"column":7}},"15":{"start":{"line":29,"column":6},"end":{"line":31,"column":9}},"16":{"start":{"line":30,"column":8},"end":{"line":30,"column":27}},"17":{"start":{"line":34,"column":21},"end":{"line":34,"column":61}},"18":{"start":{"line":35,"column":4},"end":{"line":46,"column":7}},"19":{"start":{"line":36,"column":6},"end":{"line":40,"column":9}},"20":{"start":{"line":37,"column":8},"end":{"line":39,"column":9}},"21":{"start":{"line":38,"column":10},"end":{"line":38,"column":42}},"22":{"start":{"line":41,"column":6},"end":{"line":45,"column":9}},"23":{"start":{"line":42,"column":8},"end":{"line":44,"column":9}},"24":{"start":{"line":43,"column":10},"end":{"line":43,"column":42}},"25":{"start":{"line":48,"column":4},"end":{"line":48,"column":41}},"26":{"start":{"line":51,"column":8},"end":{"line":59,"column":3}},"27":{"start":{"line":52,"column":4},"end":{"line":56,"column":7}},"28":{"start":{"line":57,"column":4},"end":{"line":57,"column":67}},"29":{"start":{"line":58,"column":4},"end":{"line":58,"column":22}},"30":{"start":{"line":61,"column":11},"end":{"line":65,"column":3}},"31":{"start":{"line":62,"column":4},"end":{"line":62,"column":47}},"32":{"start":{"line":63,"column":4},"end":{"line":63,"column":67}},"33":{"start":{"line":64,"column":4},"end":{"line":64,"column":22}},"34":{"start":{"line":67,"column":11},"end":{"line":74,"column":3}},"35":{"start":{"line":68,"column":4},"end":{"line":68,"column":37}},"36":{"start":{"line":69,"column":4},"end":{"line":71,"column":5}},"37":{"start":{"line":69,"column":17},"end":{"line":69,"column":18}},"38":{"start":{"line":70,"column":6},"end":{"line":70,"column":35}},"39":{"start":{"line":72,"column":4},"end":{"line":72,"column":67}},"40":{"start":{"line":73,"column":4},"end":{"line":73,"column":22}}},"fnMap":{"0":{"name":"(anonymous_0)","decl":{"start":{"line":6,"column":2},"end":{"line":6,"column":3}},"loc":{"start":{"line":6,"column":16},"end":{"line":8,"column":3}},"line":6},"1":{"name":"(anonymous_1)","decl":{"start":{"line":10,"column":15},"end":{"line":10,"column":16}},"loc":{"start":{"line":10,"column":21},"end":{"line":49,"column":3}},"line":10},"2":{"name":"(anonymous_2)","decl":{"start":{"line":13,"column":28},"end":{"line":13,"column":29}},"loc":{"start":{"line":13,"column":38},"end":{"line":26,"column":5}},"line":13},"3":{"name":"(anonymous_3)","decl":{"start":{"line":28,"column":22},"end":{"line":28,"column":23}},"loc":{"start":{"line":28,"column":41},"end":{"line":32,"column":5}},"line":28},"4":{"name":"(anonymous_4)","decl":{"start":{"line":29,"column":39},"end":{"line":29,"column":40}},"loc":{"start":{"line":29,"column":45},"end":{"line":31,"column":7}},"line":29},"5":{"name":"(anonymous_5)","decl":{"start":{"line":35,"column":21},"end":{"line":35,"column":22}},"loc":{"start":{"line":35,"column":39},"end":{"line":46,"column":5}},"line":35},"6":{"name":"(anonymous_6)","decl":{"start":{"line":36,"column":41},"end":{"line":36,"column":42}},"loc":{"start":{"line":36,"column":48},"end":{"line":40,"column":7}},"line":36},"7":{"name":"(anonymous_7)","decl":{"start":{"line":41,"column":39},"end":{"line":41,"column":40}},"loc":{"start":{"line":41,"column":45},"end":{"line":45,"column":7}},"line":41},"8":{"name":"(anonymous_8)","decl":{"start":{"line":51,"column":8},"end":{"line":51,"column":9}},"loc":{"start":{"line":51,"column":19},"end":{"line":59,"column":3}},"line":51},"9":{"name":"(anonymous_9)","decl":{"start":{"line":61,"column":11},"end":{"line":61,"column":12}},"loc":{"start":{"line":61,"column":29},"end":{"line":65,"column":3}},"line":61},"10":{"name":"(anonymous_10)","decl":{"start":{"line":67,"column":11},"end":{"line":67,"column":12}},"loc":{"start":{"line":67,"column":22},"end":{"line":74,"column":3}},"line":67}},"branchMap":{"0":{"loc":{"start":{"line":7,"column":22},"end":{"line":7,"column":69}},"type":"binary-expr","locations":[{"start":{"line":7,"column":22},"end":{"line":7,"column":63}},{"start":{"line":7,"column":67},"end":{"line":7,"column":69}}],"line":7},"1":{"loc":{"start":{"line":23,"column":6},"end":{"line":25,"column":7}},"type":"if","locations":[{"start":{"line":23,"column":6},"end":{"line":25,"column":7}},{"start":{},"end":{}}],"line":23},"2":{"loc":{"start":{"line":37,"column":8},"end":{"line":39,"column":9}},"type":"if","locations":[{"start":{"line":37,"column":8},"end":{"line":39,"column":9}},{"start":{},"end":{}}],"line":37},"3":{"loc":{"start":{"line":37,"column":12},"end":{"line":37,"column":44}},"type":"binary-expr","locations":[{"start":{"line":37,"column":12},"end":{"line":37,"column":29}},{"start":{"line":37,"column":33},"end":{"line":37,"column":44}}],"line":37},"4":{"loc":{"start":{"line":42,"column":8},"end":{"line":44,"column":9}},"type":"if","locations":[{"start":{"line":42,"column":8},"end":{"line":44,"column":9}},{"start":{},"end":{}}],"line":42}},"s":{"0":1,"1":5,"2":5,"3":6,"4":6,"5":6,"6":12,"7":12,"8":12,"9":12,"10":12,"11":12,"12":0,"13":6,"14":6,"15":12,"16":0,"17":6,"18":6,"19":12,"20":0,"21":0,"22":12,"23":0,"24":0,"25":6,"26":5,"27":3,"28":3,"29":3,"30":5,"31":2,"32":2,"33":2,"34":5,"35":1,"36":1,"37":1,"38":2,"39":1,"40":1},"f":{"0":5,"1":6,"2":12,"3":12,"4":0,"5":12,"6":0,"7":0,"8":3,"9":2,"10":1},"b":{"0":[5,1],"1":[0,12],"2":[0,0],"3":[0,0],"4":[0,0]},"_coverageSchema":"1a1c01bbd47fc00a2c39e90264f33305004495a9","hash":"288cd5d443108025612ec23ba0d2e4d503b92a71"}
}
