TN:
SF:src\modules\taskStatus.js
FN:2,(anonymous_0)
FN:5,(anonymous_1)
FN:6,(anonymous_2)
FN:14,(anonymous_3)
FN:16,(anonymous_4)
FN:18,(anonymous_5)
FNF:6
FNH:2
FNDA:5,(anonymous_0)
FNDA:10,(anonymous_1)
FNDA:0,(anonymous_2)
FNDA:0,(anonymous_3)
FNDA:0,(anonymous_4)
FNDA:0,(anonymous_5)
DA:2,1
DA:3,5
DA:4,5
DA:5,5
DA:6,10
DA:7,0
DA:8,0
DA:9,0
DA:14,1
DA:15,0
DA:16,0
DA:17,0
DA:18,0
DA:20,0
DA:21,0
LF:15
LH:6
BRF:0
BRH:0
end_of_record
TN:
SF:src\modules\tasks.js
FN:6,(anonymous_0)
FN:10,(anonymous_1)
FN:13,(anonymous_2)
FN:28,(anonymous_3)
FN:29,(anonymous_4)
FN:35,(anonymous_5)
FN:36,(anonymous_6)
FN:41,(anonymous_7)
FN:51,(anonymous_8)
FN:61,(anonymous_9)
FN:67,(anonymous_10)
FNF:11
FNH:8
FNDA:3,(anonymous_0)
FNDA:5,(anonymous_1)
FNDA:10,(anonymous_2)
FNDA:10,(anonymous_3)
FNDA:0,(anonymous_4)
FNDA:10,(anonymous_5)
FNDA:0,(anonymous_6)
FNDA:0,(anonymous_7)
FNDA:3,(anonymous_8)
FNDA:1,(anonymous_9)
FNDA:1,(anonymous_10)
DA:3,1
DA:7,3
DA:10,3
DA:11,5
DA:12,5
DA:13,5
DA:14,10
DA:15,10
DA:16,10
DA:17,10
DA:22,10
DA:23,10
DA:24,0
DA:27,5
DA:28,5
DA:29,10
DA:30,0
DA:34,5
DA:35,5
DA:36,10
DA:37,0
DA:38,0
DA:41,10
DA:42,0
DA:43,0
DA:48,5
DA:51,3
DA:52,3
DA:57,3
DA:58,3
DA:61,3
DA:62,1
DA:63,1
DA:64,1
DA:67,3
DA:68,1
DA:69,1
DA:70,2
DA:72,1
DA:73,1
LF:40
LH:34
BRDA:7,0,0,3
BRDA:7,0,1,1
BRDA:23,1,0,0
BRDA:23,1,1,10
BRDA:37,2,0,0
BRDA:37,2,1,0
BRDA:37,3,0,0
BRDA:37,3,1,0
BRDA:42,4,0,0
BRDA:42,4,1,0
BRF:10
BRH:3
end_of_record
